21:47:20,482  INFO ContextLoader:307 - Root WebApplicationContext: initialization started
21:47:20,636  INFO XmlWebApplicationContext:578 - Refreshing Root WebApplicationContext: startup date [Wed Nov 29 21:47:20 CST 2017]; root of context hierarchy
21:47:20,768  INFO XmlBeanDefinitionReader:317 - Loading XML bean definitions from class path resource [applicationContext.xml]
21:47:21,679  INFO AutowiredAnnotationBeanPostProcessor:153 - JSR-330 'javax.inject.Inject' annotation found and supported for autowiring
21:47:21,854  INFO MLog:80 - MLog clients using log4j logging.
21:47:22,142  INFO C3P0Registry:204 - Initializing c3p0-0.9.1.2 [built 21-May-2007 15:04:56; debug? true; trace: 10]
21:47:22,328  INFO LocalContainerEntityManagerFactoryBean:339 - Building JPA container EntityManagerFactory for persistence unit 'default'
21:47:22,329  WARN HibernatePersistence:41 - HHH015016: Encountered a deprecated javax.persistence.spi.PersistenceProvider [org.hibernate.ejb.HibernatePersistence]; use [org.hibernate.jpa.HibernatePersistenceProvider] instead.
21:47:22,347  INFO LogHelper:31 - HHH000204: Processing PersistenceUnitInfo [
	name: default
	...]
21:47:22,499  INFO Version:37 - HHH000412: Hibernate Core {5.0.7.Final}
21:47:22,505  INFO Environment:213 - HHH000206: hibernate.properties not found
21:47:22,508  INFO Environment:317 - HHH000021: Bytecode provider name : javassist
21:47:22,623  INFO Version:66 - HCANN000001: Hibernate Commons Annotations {5.0.1.Final}
21:47:22,877  INFO AbstractPoolBackedDataSource:462 - Initializing c3p0 pool... com.mchange.v2.c3p0.ComboPooledDataSource [ acquireIncrement -> 3, acquireRetryAttempts -> 30, acquireRetryDelay -> 1000, autoCommitOnClose -> false, automaticTestTable -> null, breakAfterAcquireFailure -> false, checkoutTimeout -> 0, connectionCustomizerClassName -> null, connectionTesterClassName -> com.mchange.v2.c3p0.impl.DefaultConnectionTester, dataSourceName -> 31sqfj9s2888on19g9li0|62e062d3, debugUnreturnedConnectionStackTraces -> false, description -> null, driverClass -> oracle.jdbc.driver.OracleDriver, factoryClassLocation -> null, forceIgnoreUnresolvedTransactions -> false, identityToken -> 31sqfj9s2888on19g9li0|62e062d3, idleConnectionTestPeriod -> 0, initialPoolSize -> 3, jdbcUrl -> jdbc:oracle:thin:@localhost:1521:XE, maxAdministrativeTaskTime -> 0, maxConnectionAge -> 0, maxIdleTime -> 0, maxIdleTimeExcessConnections -> 0, maxPoolSize -> 15, maxStatements -> 0, maxStatementsPerConnection -> 0, minPoolSize -> 3, numHelperThreads -> 3, numThreadsAwaitingCheckoutDefaultUser -> 0, preferredTestQuery -> null, properties -> {user=******, password=******}, propertyCycle -> 0, testConnectionOnCheckin -> false, testConnectionOnCheckout -> false, unreturnedConnectionTimeout -> 0, usesTraditionalReflectiveProxies -> false ]
21:47:24,226  INFO Dialect:156 - HHH000400: Using dialect: org.hibernate.dialect.Oracle10gDialect
21:47:24,474  INFO LobCreatorBuilderImpl:124 - HHH000424: Disabling contextual LOB creation as createClob() method threw error : java.lang.reflect.InvocationTargetException
21:47:25,210  INFO SchemaUpdate:105 - HHH000228: Running hbm2ddl schema update
21:47:26,872  INFO QueryTranslatorFactoryInitiator:47 - HHH000397: Using ASTQueryTranslatorFactory
21:47:26,958  WARN HqlSqlWalker:992 - [DEPRECATION] Encountered positional parameter near line 1, column 66 in HQL: [update com.itheima.domain.base.Courier set deltag = 1 where id = ?].  Positional parameter are considered deprecated; use named parameters or JPA-style positional parameters instead.
21:47:26,975  WARN HqlSqlWalker:992 - [DEPRECATION] Encountered positional parameter near line 1, column 66 in HQL: [update com.itheima.domain.base.Courier set deltag ='' where id = ?].  Positional parameter are considered deprecated; use named parameters or JPA-style positional parameters instead.
21:47:27,088  INFO ContextLoader:347 - Root WebApplicationContext: initialization completed in 6602 ms
21:47:27,466  INFO XmlConfigurationProvider:46 - Parsing configuration file [struts-default.xml]
21:47:27,598  INFO XmlConfigurationProvider:46 - Parsing configuration file [struts-plugin.xml]
21:47:27,614  INFO XmlConfigurationProvider:46 - Unable to locate configuration files of the name struts.xml, skipping
21:47:27,614  INFO XmlConfigurationProvider:46 - Parsing configuration file [struts.xml]
21:47:27,617  INFO AbstractBeanSelectionProvider:46 - Choosing bean (spring) for (com.opensymphony.xwork2.ObjectFactory)
21:47:27,617  INFO AbstractBeanSelectionProvider:46 - Choosing bean (struts) for (com.opensymphony.xwork2.factory.ActionFactory)
21:47:27,617  INFO AbstractBeanSelectionProvider:46 - Choosing bean (struts) for (com.opensymphony.xwork2.factory.ResultFactory)
21:47:27,618  INFO AbstractBeanSelectionProvider:46 - Choosing bean (struts) for (com.opensymphony.xwork2.factory.ConverterFactory)
21:47:27,618  INFO AbstractBeanSelectionProvider:46 - Choosing bean (struts) for (com.opensymphony.xwork2.factory.InterceptorFactory)
21:47:27,618  INFO AbstractBeanSelectionProvider:46 - Choosing bean (struts) for (com.opensymphony.xwork2.factory.ValidatorFactory)
21:47:27,618  INFO AbstractBeanSelectionProvider:46 - Choosing bean (struts) for (com.opensymphony.xwork2.factory.UnknownHandlerFactory)
21:47:27,618  INFO AbstractBeanSelectionProvider:46 - Choosing bean (struts) for (com.opensymphony.xwork2.FileManagerFactory)
21:47:27,618  INFO AbstractBeanSelectionProvider:46 - Choosing bean (struts) for (com.opensymphony.xwork2.conversion.impl.XWorkConverter)
21:47:27,619  INFO AbstractBeanSelectionProvider:46 - Choosing bean (struts) for (com.opensymphony.xwork2.conversion.impl.CollectionConverter)
21:47:27,619  INFO AbstractBeanSelectionProvider:46 - Choosing bean (struts) for (com.opensymphony.xwork2.conversion.impl.ArrayConverter)
21:47:27,619  INFO AbstractBeanSelectionProvider:46 - Choosing bean (struts) for (com.opensymphony.xwork2.conversion.impl.DateConverter)
21:47:27,619  INFO AbstractBeanSelectionProvider:46 - Choosing bean (struts) for (com.opensymphony.xwork2.conversion.impl.NumberConverter)
21:47:27,619  INFO AbstractBeanSelectionProvider:46 - Choosing bean (struts) for (com.opensymphony.xwork2.conversion.impl.StringConverter)
21:47:27,619  INFO AbstractBeanSelectionProvider:46 - Choosing bean (struts) for (com.opensymphony.xwork2.conversion.ConversionPropertiesProcessor)
21:47:27,619  INFO AbstractBeanSelectionProvider:46 - Choosing bean (struts) for (com.opensymphony.xwork2.conversion.ConversionFileProcessor)
21:47:27,620  INFO AbstractBeanSelectionProvider:46 - Choosing bean (struts) for (com.opensymphony.xwork2.conversion.ConversionAnnotationProcessor)
21:47:27,620  INFO AbstractBeanSelectionProvider:46 - Choosing bean (struts) for (com.opensymphony.xwork2.conversion.TypeConverterCreator)
21:47:27,620  INFO AbstractBeanSelectionProvider:46 - Choosing bean (struts) for (com.opensymphony.xwork2.conversion.TypeConverterHolder)
21:47:27,620  INFO AbstractBeanSelectionProvider:46 - Choosing bean (struts) for (com.opensymphony.xwork2.TextProvider)
21:47:27,620  INFO AbstractBeanSelectionProvider:46 - Choosing bean (struts) for (com.opensymphony.xwork2.LocaleProvider)
21:47:27,620  INFO AbstractBeanSelectionProvider:46 - Choosing bean (struts) for (com.opensymphony.xwork2.ActionProxyFactory)
21:47:27,621  INFO AbstractBeanSelectionProvider:46 - Choosing bean (struts) for (com.opensymphony.xwork2.conversion.ObjectTypeDeterminer)
21:47:27,621  INFO AbstractBeanSelectionProvider:46 - Choosing bean (struts) for (org.apache.struts2.dispatcher.mapper.ActionMapper)
21:47:27,621  INFO AbstractBeanSelectionProvider:46 - Choosing bean (jakarta) for (org.apache.struts2.dispatcher.multipart.MultiPartRequest)
21:47:27,621  INFO AbstractBeanSelectionProvider:46 - Choosing bean (struts) for (org.apache.struts2.views.freemarker.FreemarkerManager)
21:47:27,622  INFO AbstractBeanSelectionProvider:46 - Choosing bean (struts) for (org.apache.struts2.components.UrlRenderer)
21:47:27,623  INFO AbstractBeanSelectionProvider:46 - Choosing bean (struts) for (com.opensymphony.xwork2.validator.ActionValidatorManager)
21:47:27,623  INFO AbstractBeanSelectionProvider:46 - Choosing bean (struts) for (com.opensymphony.xwork2.util.ValueStackFactory)
21:47:27,623  INFO AbstractBeanSelectionProvider:46 - Choosing bean (struts) for (com.opensymphony.xwork2.util.reflection.ReflectionProvider)
21:47:27,623  INFO AbstractBeanSelectionProvider:46 - Choosing bean (struts) for (com.opensymphony.xwork2.util.reflection.ReflectionContextFactory)
21:47:27,623  INFO AbstractBeanSelectionProvider:46 - Choosing bean (struts) for (com.opensymphony.xwork2.util.PatternMatcher)
21:47:27,624  INFO AbstractBeanSelectionProvider:46 - Choosing bean (struts) for (org.apache.struts2.util.ContentTypeMatcher)
21:47:27,624  INFO AbstractBeanSelectionProvider:46 - Choosing bean (struts) for (org.apache.struts2.dispatcher.StaticContentLoader)
21:47:27,624  INFO AbstractBeanSelectionProvider:46 - Choosing bean (struts) for (com.opensymphony.xwork2.UnknownHandlerManager)
21:47:27,624  INFO AbstractBeanSelectionProvider:46 - Choosing bean (struts) for (org.apache.struts2.views.util.UrlHelper)
21:47:27,624  INFO AbstractBeanSelectionProvider:46 - Choosing bean (struts) for (com.opensymphony.xwork2.util.TextParser)
21:47:27,624  INFO AbstractBeanSelectionProvider:46 - Choosing bean (struts) for (org.apache.struts2.dispatcher.DispatcherErrorHandler)
21:47:27,625  INFO AbstractBeanSelectionProvider:46 - Choosing bean (struts) for (com.opensymphony.xwork2.security.ExcludedPatternsChecker)
21:47:27,625  INFO AbstractBeanSelectionProvider:46 - Choosing bean (struts) for (com.opensymphony.xwork2.security.AcceptedPatternsChecker)
21:47:27,638  INFO StrutsSpringObjectFactory:46 - Initializing Struts-Spring integration...
21:47:27,638  INFO SpringObjectFactory:46 - Setting autowire strategy to name
21:47:27,638  INFO StrutsSpringObjectFactory:46 - ... initialized Struts-Spring integration successfully
21:49:46,323  INFO ContextLoader:307 - Root WebApplicationContext: initialization started
21:49:46,450  INFO XmlWebApplicationContext:578 - Refreshing Root WebApplicationContext: startup date [Wed Nov 29 21:49:46 CST 2017]; root of context hierarchy
21:49:46,493  INFO XmlBeanDefinitionReader:317 - Loading XML bean definitions from class path resource [applicationContext.xml]
21:49:47,143  INFO AutowiredAnnotationBeanPostProcessor:153 - JSR-330 'javax.inject.Inject' annotation found and supported for autowiring
21:49:47,289  INFO MLog:80 - MLog clients using log4j logging.
21:49:47,541  INFO C3P0Registry:204 - Initializing c3p0-0.9.1.2 [built 21-May-2007 15:04:56; debug? true; trace: 10]
21:49:47,797  INFO LocalContainerEntityManagerFactoryBean:339 - Building JPA container EntityManagerFactory for persistence unit 'default'
21:49:47,797  WARN HibernatePersistence:41 - HHH015016: Encountered a deprecated javax.persistence.spi.PersistenceProvider [org.hibernate.ejb.HibernatePersistence]; use [org.hibernate.jpa.HibernatePersistenceProvider] instead.
21:49:47,805  INFO LogHelper:31 - HHH000204: Processing PersistenceUnitInfo [
	name: default
	...]
21:49:47,937  INFO Version:37 - HHH000412: Hibernate Core {5.0.7.Final}
21:49:47,941  INFO Environment:213 - HHH000206: hibernate.properties not found
21:49:47,944  INFO Environment:317 - HHH000021: Bytecode provider name : javassist
21:49:48,029  INFO Version:66 - HCANN000001: Hibernate Commons Annotations {5.0.1.Final}
21:49:48,432  INFO AbstractPoolBackedDataSource:462 - Initializing c3p0 pool... com.mchange.v2.c3p0.ComboPooledDataSource [ acquireIncrement -> 3, acquireRetryAttempts -> 30, acquireRetryDelay -> 1000, autoCommitOnClose -> false, automaticTestTable -> null, breakAfterAcquireFailure -> false, checkoutTimeout -> 0, connectionCustomizerClassName -> null, connectionTesterClassName -> com.mchange.v2.c3p0.impl.DefaultConnectionTester, dataSourceName -> 31sqfj9s28bcuilseabd|3ec92b5d, debugUnreturnedConnectionStackTraces -> false, description -> null, driverClass -> oracle.jdbc.driver.OracleDriver, factoryClassLocation -> null, forceIgnoreUnresolvedTransactions -> false, identityToken -> 31sqfj9s28bcuilseabd|3ec92b5d, idleConnectionTestPeriod -> 0, initialPoolSize -> 3, jdbcUrl -> jdbc:oracle:thin:@localhost:1521:XE, maxAdministrativeTaskTime -> 0, maxConnectionAge -> 0, maxIdleTime -> 0, maxIdleTimeExcessConnections -> 0, maxPoolSize -> 15, maxStatements -> 0, maxStatementsPerConnection -> 0, minPoolSize -> 3, numHelperThreads -> 3, numThreadsAwaitingCheckoutDefaultUser -> 0, preferredTestQuery -> null, properties -> {user=******, password=******}, propertyCycle -> 0, testConnectionOnCheckin -> false, testConnectionOnCheckout -> false, unreturnedConnectionTimeout -> 0, usesTraditionalReflectiveProxies -> false ]
21:49:48,631  INFO Dialect:156 - HHH000400: Using dialect: org.hibernate.dialect.Oracle10gDialect
21:49:48,742  INFO LobCreatorBuilderImpl:124 - HHH000424: Disabling contextual LOB creation as createClob() method threw error : java.lang.reflect.InvocationTargetException
21:49:49,498  INFO SchemaUpdate:105 - HHH000228: Running hbm2ddl schema update
21:49:50,766  INFO QueryTranslatorFactoryInitiator:47 - HHH000397: Using ASTQueryTranslatorFactory
21:49:50,859  WARN HqlSqlWalker:992 - [DEPRECATION] Encountered positional parameter near line 1, column 66 in HQL: [update com.itheima.domain.base.Courier set deltag = 1 where id = ?].  Positional parameter are considered deprecated; use named parameters or JPA-style positional parameters instead.
21:49:50,879  WARN HqlSqlWalker:992 - [DEPRECATION] Encountered positional parameter near line 1, column 66 in HQL: [update com.itheima.domain.base.Courier set deltag ='' where id = ?].  Positional parameter are considered deprecated; use named parameters or JPA-style positional parameters instead.
21:49:51,003  INFO ContextLoader:347 - Root WebApplicationContext: initialization completed in 4676 ms
21:49:51,213  INFO XmlConfigurationProvider:46 - Parsing configuration file [struts-default.xml]
21:49:51,297  INFO XmlConfigurationProvider:46 - Parsing configuration file [struts-plugin.xml]
21:49:51,315  INFO XmlConfigurationProvider:46 - Unable to locate configuration files of the name struts.xml, skipping
21:49:51,316  INFO XmlConfigurationProvider:46 - Parsing configuration file [struts.xml]
21:49:51,318  INFO AbstractBeanSelectionProvider:46 - Choosing bean (spring) for (com.opensymphony.xwork2.ObjectFactory)
21:49:51,319  INFO AbstractBeanSelectionProvider:46 - Choosing bean (struts) for (com.opensymphony.xwork2.factory.ActionFactory)
21:49:51,319  INFO AbstractBeanSelectionProvider:46 - Choosing bean (struts) for (com.opensymphony.xwork2.factory.ResultFactory)
21:49:51,319  INFO AbstractBeanSelectionProvider:46 - Choosing bean (struts) for (com.opensymphony.xwork2.factory.ConverterFactory)
21:49:51,319  INFO AbstractBeanSelectionProvider:46 - Choosing bean (struts) for (com.opensymphony.xwork2.factory.InterceptorFactory)
21:49:51,319  INFO AbstractBeanSelectionProvider:46 - Choosing bean (struts) for (com.opensymphony.xwork2.factory.ValidatorFactory)
21:49:51,320  INFO AbstractBeanSelectionProvider:46 - Choosing bean (struts) for (com.opensymphony.xwork2.factory.UnknownHandlerFactory)
21:49:51,320  INFO AbstractBeanSelectionProvider:46 - Choosing bean (struts) for (com.opensymphony.xwork2.FileManagerFactory)
21:49:51,320  INFO AbstractBeanSelectionProvider:46 - Choosing bean (struts) for (com.opensymphony.xwork2.conversion.impl.XWorkConverter)
21:49:51,320  INFO AbstractBeanSelectionProvider:46 - Choosing bean (struts) for (com.opensymphony.xwork2.conversion.impl.CollectionConverter)
21:49:51,320  INFO AbstractBeanSelectionProvider:46 - Choosing bean (struts) for (com.opensymphony.xwork2.conversion.impl.ArrayConverter)
21:49:51,320  INFO AbstractBeanSelectionProvider:46 - Choosing bean (struts) for (com.opensymphony.xwork2.conversion.impl.DateConverter)
21:49:51,321  INFO AbstractBeanSelectionProvider:46 - Choosing bean (struts) for (com.opensymphony.xwork2.conversion.impl.NumberConverter)
21:49:51,321  INFO AbstractBeanSelectionProvider:46 - Choosing bean (struts) for (com.opensymphony.xwork2.conversion.impl.StringConverter)
21:49:51,321  INFO AbstractBeanSelectionProvider:46 - Choosing bean (struts) for (com.opensymphony.xwork2.conversion.ConversionPropertiesProcessor)
21:49:51,321  INFO AbstractBeanSelectionProvider:46 - Choosing bean (struts) for (com.opensymphony.xwork2.conversion.ConversionFileProcessor)
21:49:51,321  INFO AbstractBeanSelectionProvider:46 - Choosing bean (struts) for (com.opensymphony.xwork2.conversion.ConversionAnnotationProcessor)
21:49:51,321  INFO AbstractBeanSelectionProvider:46 - Choosing bean (struts) for (com.opensymphony.xwork2.conversion.TypeConverterCreator)
21:49:51,322  INFO AbstractBeanSelectionProvider:46 - Choosing bean (struts) for (com.opensymphony.xwork2.conversion.TypeConverterHolder)
21:49:51,322  INFO AbstractBeanSelectionProvider:46 - Choosing bean (struts) for (com.opensymphony.xwork2.TextProvider)
21:49:51,322  INFO AbstractBeanSelectionProvider:46 - Choosing bean (struts) for (com.opensymphony.xwork2.LocaleProvider)
21:49:51,322  INFO AbstractBeanSelectionProvider:46 - Choosing bean (struts) for (com.opensymphony.xwork2.ActionProxyFactory)
21:49:51,322  INFO AbstractBeanSelectionProvider:46 - Choosing bean (struts) for (com.opensymphony.xwork2.conversion.ObjectTypeDeterminer)
21:49:51,323  INFO AbstractBeanSelectionProvider:46 - Choosing bean (struts) for (org.apache.struts2.dispatcher.mapper.ActionMapper)
21:49:51,323  INFO AbstractBeanSelectionProvider:46 - Choosing bean (jakarta) for (org.apache.struts2.dispatcher.multipart.MultiPartRequest)
21:49:51,323  INFO AbstractBeanSelectionProvider:46 - Choosing bean (struts) for (org.apache.struts2.views.freemarker.FreemarkerManager)
21:49:51,324  INFO AbstractBeanSelectionProvider:46 - Choosing bean (struts) for (org.apache.struts2.components.UrlRenderer)
21:49:51,325  INFO AbstractBeanSelectionProvider:46 - Choosing bean (struts) for (com.opensymphony.xwork2.validator.ActionValidatorManager)
21:49:51,325  INFO AbstractBeanSelectionProvider:46 - Choosing bean (struts) for (com.opensymphony.xwork2.util.ValueStackFactory)
21:49:51,325  INFO AbstractBeanSelectionProvider:46 - Choosing bean (struts) for (com.opensymphony.xwork2.util.reflection.ReflectionProvider)
21:49:51,325  INFO AbstractBeanSelectionProvider:46 - Choosing bean (struts) for (com.opensymphony.xwork2.util.reflection.ReflectionContextFactory)
21:49:51,325  INFO AbstractBeanSelectionProvider:46 - Choosing bean (struts) for (com.opensymphony.xwork2.util.PatternMatcher)
21:49:51,326  INFO AbstractBeanSelectionProvider:46 - Choosing bean (struts) for (org.apache.struts2.util.ContentTypeMatcher)
21:49:51,326  INFO AbstractBeanSelectionProvider:46 - Choosing bean (struts) for (org.apache.struts2.dispatcher.StaticContentLoader)
21:49:51,326  INFO AbstractBeanSelectionProvider:46 - Choosing bean (struts) for (com.opensymphony.xwork2.UnknownHandlerManager)
21:49:51,326  INFO AbstractBeanSelectionProvider:46 - Choosing bean (struts) for (org.apache.struts2.views.util.UrlHelper)
21:49:51,326  INFO AbstractBeanSelectionProvider:46 - Choosing bean (struts) for (com.opensymphony.xwork2.util.TextParser)
21:49:51,326  INFO AbstractBeanSelectionProvider:46 - Choosing bean (struts) for (org.apache.struts2.dispatcher.DispatcherErrorHandler)
21:49:51,326  INFO AbstractBeanSelectionProvider:46 - Choosing bean (struts) for (com.opensymphony.xwork2.security.ExcludedPatternsChecker)
21:49:51,327  INFO AbstractBeanSelectionProvider:46 - Choosing bean (struts) for (com.opensymphony.xwork2.security.AcceptedPatternsChecker)
21:49:51,341  INFO StrutsSpringObjectFactory:46 - Initializing Struts-Spring integration...
21:49:51,341  INFO SpringObjectFactory:46 - Setting autowire strategy to name
21:49:51,341  INFO StrutsSpringObjectFactory:46 - ... initialized Struts-Spring integration successfully
22:00:21,635  INFO ContextLoader:307 - Root WebApplicationContext: initialization started
22:00:21,847  INFO XmlWebApplicationContext:578 - Refreshing Root WebApplicationContext: startup date [Wed Nov 29 22:00:21 CST 2017]; root of context hierarchy
22:00:21,908  INFO XmlBeanDefinitionReader:317 - Loading XML bean definitions from class path resource [applicationContext.xml]
22:00:29,633  INFO AutowiredAnnotationBeanPostProcessor:153 - JSR-330 'javax.inject.Inject' annotation found and supported for autowiring
22:00:29,896  INFO MLog:80 - MLog clients using log4j logging.
22:00:30,348  INFO C3P0Registry:204 - Initializing c3p0-0.9.1.2 [built 21-May-2007 15:04:56; debug? true; trace: 10]
22:00:30,912  INFO LocalContainerEntityManagerFactoryBean:339 - Building JPA container EntityManagerFactory for persistence unit 'default'
22:00:30,912  WARN HibernatePersistence:41 - HHH015016: Encountered a deprecated javax.persistence.spi.PersistenceProvider [org.hibernate.ejb.HibernatePersistence]; use [org.hibernate.jpa.HibernatePersistenceProvider] instead.
22:00:31,089  INFO LogHelper:31 - HHH000204: Processing PersistenceUnitInfo [
	name: default
	...]
22:00:33,239  INFO Version:37 - HHH000412: Hibernate Core {5.0.7.Final}
22:00:33,245  INFO Environment:213 - HHH000206: hibernate.properties not found
22:00:33,249  INFO Environment:317 - HHH000021: Bytecode provider name : javassist
22:00:34,044  INFO Version:66 - HCANN000001: Hibernate Commons Annotations {5.0.1.Final}
22:00:35,622  INFO AbstractPoolBackedDataSource:462 - Initializing c3p0 pool... com.mchange.v2.c3p0.ComboPooledDataSource [ acquireIncrement -> 3, acquireRetryAttempts -> 30, acquireRetryDelay -> 1000, autoCommitOnClose -> false, automaticTestTable -> null, breakAfterAcquireFailure -> false, checkoutTimeout -> 0, connectionCustomizerClassName -> null, connectionTesterClassName -> com.mchange.v2.c3p0.impl.DefaultConnectionTester, dataSourceName -> 31sqfj9s28p4oc1jc4vmu|6d0c6279, debugUnreturnedConnectionStackTraces -> false, description -> null, driverClass -> oracle.jdbc.driver.OracleDriver, factoryClassLocation -> null, forceIgnoreUnresolvedTransactions -> false, identityToken -> 31sqfj9s28p4oc1jc4vmu|6d0c6279, idleConnectionTestPeriod -> 0, initialPoolSize -> 3, jdbcUrl -> jdbc:oracle:thin:@localhost:1521:XE, maxAdministrativeTaskTime -> 0, maxConnectionAge -> 0, maxIdleTime -> 0, maxIdleTimeExcessConnections -> 0, maxPoolSize -> 15, maxStatements -> 0, maxStatementsPerConnection -> 0, minPoolSize -> 3, numHelperThreads -> 3, numThreadsAwaitingCheckoutDefaultUser -> 0, preferredTestQuery -> null, properties -> {user=******, password=******}, propertyCycle -> 0, testConnectionOnCheckin -> false, testConnectionOnCheckout -> false, unreturnedConnectionTimeout -> 0, usesTraditionalReflectiveProxies -> false ]
22:00:37,115  INFO Dialect:156 - HHH000400: Using dialect: org.hibernate.dialect.Oracle10gDialect
22:00:37,725  INFO LobCreatorBuilderImpl:124 - HHH000424: Disabling contextual LOB creation as createClob() method threw error : java.lang.reflect.InvocationTargetException
22:00:40,873  INFO SchemaUpdate:105 - HHH000228: Running hbm2ddl schema update
22:00:42,323  INFO QueryTranslatorFactoryInitiator:47 - HHH000397: Using ASTQueryTranslatorFactory
22:00:42,408  WARN HqlSqlWalker:992 - [DEPRECATION] Encountered positional parameter near line 1, column 66 in HQL: [update com.itheima.domain.base.Courier set deltag = 1 where id = ?].  Positional parameter are considered deprecated; use named parameters or JPA-style positional parameters instead.
22:00:42,426  WARN HqlSqlWalker:992 - [DEPRECATION] Encountered positional parameter near line 1, column 66 in HQL: [update com.itheima.domain.base.Courier set deltag ='' where id = ?].  Positional parameter are considered deprecated; use named parameters or JPA-style positional parameters instead.
22:00:42,532  INFO ContextLoader:347 - Root WebApplicationContext: initialization completed in 20861 ms
22:00:43,377  INFO XmlConfigurationProvider:46 - Parsing configuration file [struts-default.xml]
22:00:43,450  INFO XmlConfigurationProvider:46 - Parsing configuration file [struts-plugin.xml]
22:00:43,474  INFO XmlConfigurationProvider:46 - Unable to locate configuration files of the name struts.xml, skipping
22:00:43,474  INFO XmlConfigurationProvider:46 - Parsing configuration file [struts.xml]
22:00:43,478  INFO AbstractBeanSelectionProvider:46 - Choosing bean (spring) for (com.opensymphony.xwork2.ObjectFactory)
22:00:43,479  INFO AbstractBeanSelectionProvider:46 - Choosing bean (struts) for (com.opensymphony.xwork2.factory.ActionFactory)
22:00:43,479  INFO AbstractBeanSelectionProvider:46 - Choosing bean (struts) for (com.opensymphony.xwork2.factory.ResultFactory)
22:00:43,479  INFO AbstractBeanSelectionProvider:46 - Choosing bean (struts) for (com.opensymphony.xwork2.factory.ConverterFactory)
22:00:43,479  INFO AbstractBeanSelectionProvider:46 - Choosing bean (struts) for (com.opensymphony.xwork2.factory.InterceptorFactory)
22:00:43,480  INFO AbstractBeanSelectionProvider:46 - Choosing bean (struts) for (com.opensymphony.xwork2.factory.ValidatorFactory)
22:00:43,480  INFO AbstractBeanSelectionProvider:46 - Choosing bean (struts) for (com.opensymphony.xwork2.factory.UnknownHandlerFactory)
22:00:43,480  INFO AbstractBeanSelectionProvider:46 - Choosing bean (struts) for (com.opensymphony.xwork2.FileManagerFactory)
22:00:43,481  INFO AbstractBeanSelectionProvider:46 - Choosing bean (struts) for (com.opensymphony.xwork2.conversion.impl.XWorkConverter)
22:00:43,481  INFO AbstractBeanSelectionProvider:46 - Choosing bean (struts) for (com.opensymphony.xwork2.conversion.impl.CollectionConverter)
22:00:43,481  INFO AbstractBeanSelectionProvider:46 - Choosing bean (struts) for (com.opensymphony.xwork2.conversion.impl.ArrayConverter)
22:00:43,481  INFO AbstractBeanSelectionProvider:46 - Choosing bean (struts) for (com.opensymphony.xwork2.conversion.impl.DateConverter)
22:00:43,482  INFO AbstractBeanSelectionProvider:46 - Choosing bean (struts) for (com.opensymphony.xwork2.conversion.impl.NumberConverter)
22:00:43,482  INFO AbstractBeanSelectionProvider:46 - Choosing bean (struts) for (com.opensymphony.xwork2.conversion.impl.StringConverter)
22:00:43,482  INFO AbstractBeanSelectionProvider:46 - Choosing bean (struts) for (com.opensymphony.xwork2.conversion.ConversionPropertiesProcessor)
22:00:43,483  INFO AbstractBeanSelectionProvider:46 - Choosing bean (struts) for (com.opensymphony.xwork2.conversion.ConversionFileProcessor)
22:00:43,483  INFO AbstractBeanSelectionProvider:46 - Choosing bean (struts) for (com.opensymphony.xwork2.conversion.ConversionAnnotationProcessor)
22:00:43,483  INFO AbstractBeanSelectionProvider:46 - Choosing bean (struts) for (com.opensymphony.xwork2.conversion.TypeConverterCreator)
22:00:43,483  INFO AbstractBeanSelectionProvider:46 - Choosing bean (struts) for (com.opensymphony.xwork2.conversion.TypeConverterHolder)
22:00:43,484  INFO AbstractBeanSelectionProvider:46 - Choosing bean (struts) for (com.opensymphony.xwork2.TextProvider)
22:00:43,484  INFO AbstractBeanSelectionProvider:46 - Choosing bean (struts) for (com.opensymphony.xwork2.LocaleProvider)
22:00:43,484  INFO AbstractBeanSelectionProvider:46 - Choosing bean (struts) for (com.opensymphony.xwork2.ActionProxyFactory)
22:00:43,484  INFO AbstractBeanSelectionProvider:46 - Choosing bean (struts) for (com.opensymphony.xwork2.conversion.ObjectTypeDeterminer)
22:00:43,485  INFO AbstractBeanSelectionProvider:46 - Choosing bean (struts) for (org.apache.struts2.dispatcher.mapper.ActionMapper)
22:00:43,485  INFO AbstractBeanSelectionProvider:46 - Choosing bean (jakarta) for (org.apache.struts2.dispatcher.multipart.MultiPartRequest)
22:00:43,485  INFO AbstractBeanSelectionProvider:46 - Choosing bean (struts) for (org.apache.struts2.views.freemarker.FreemarkerManager)
22:00:43,488  INFO AbstractBeanSelectionProvider:46 - Choosing bean (struts) for (org.apache.struts2.components.UrlRenderer)
22:00:43,488  INFO AbstractBeanSelectionProvider:46 - Choosing bean (struts) for (com.opensymphony.xwork2.validator.ActionValidatorManager)
22:00:43,488  INFO AbstractBeanSelectionProvider:46 - Choosing bean (struts) for (com.opensymphony.xwork2.util.ValueStackFactory)
22:00:43,489  INFO AbstractBeanSelectionProvider:46 - Choosing bean (struts) for (com.opensymphony.xwork2.util.reflection.ReflectionProvider)
22:00:43,489  INFO AbstractBeanSelectionProvider:46 - Choosing bean (struts) for (com.opensymphony.xwork2.util.reflection.ReflectionContextFactory)
22:00:43,489  INFO AbstractBeanSelectionProvider:46 - Choosing bean (struts) for (com.opensymphony.xwork2.util.PatternMatcher)
22:00:43,489  INFO AbstractBeanSelectionProvider:46 - Choosing bean (struts) for (org.apache.struts2.util.ContentTypeMatcher)
22:00:43,490  INFO AbstractBeanSelectionProvider:46 - Choosing bean (struts) for (org.apache.struts2.dispatcher.StaticContentLoader)
22:00:43,490  INFO AbstractBeanSelectionProvider:46 - Choosing bean (struts) for (com.opensymphony.xwork2.UnknownHandlerManager)
22:00:43,490  INFO AbstractBeanSelectionProvider:46 - Choosing bean (struts) for (org.apache.struts2.views.util.UrlHelper)
22:00:43,490  INFO AbstractBeanSelectionProvider:46 - Choosing bean (struts) for (com.opensymphony.xwork2.util.TextParser)
22:00:43,491  INFO AbstractBeanSelectionProvider:46 - Choosing bean (struts) for (org.apache.struts2.dispatcher.DispatcherErrorHandler)
22:00:43,491  INFO AbstractBeanSelectionProvider:46 - Choosing bean (struts) for (com.opensymphony.xwork2.security.ExcludedPatternsChecker)
22:00:43,491  INFO AbstractBeanSelectionProvider:46 - Choosing bean (struts) for (com.opensymphony.xwork2.security.AcceptedPatternsChecker)
22:00:43,508  INFO StrutsSpringObjectFactory:46 - Initializing Struts-Spring integration...
22:00:43,508  INFO SpringObjectFactory:46 - Setting autowire strategy to name
22:00:43,508  INFO StrutsSpringObjectFactory:46 - ... initialized Struts-Spring integration successfully
