21:50:27,207  INFO ContextLoader:307 - Root WebApplicationContext: initialization started
21:50:27,295  INFO XmlWebApplicationContext:578 - Refreshing Root WebApplicationContext: startup date [Wed Nov 29 21:50:27 CST 2017]; root of context hierarchy
21:50:27,332  INFO XmlBeanDefinitionReader:317 - Loading XML bean definitions from class path resource [applicationContext.xml]
21:50:27,890  INFO AutowiredAnnotationBeanPostProcessor:153 - JSR-330 'javax.inject.Inject' annotation found and supported for autowiring
21:50:27,999  INFO MLog:80 - MLog clients using log4j logging.
21:50:28,194  INFO C3P0Registry:204 - Initializing c3p0-0.9.1.2 [built 21-May-2007 15:04:56; debug? true; trace: 10]
21:50:28,354  INFO LocalContainerEntityManagerFactoryBean:339 - Building JPA container EntityManagerFactory for persistence unit 'default'
21:50:28,354  WARN HibernatePersistence:41 - HHH015016: Encountered a deprecated javax.persistence.spi.PersistenceProvider [org.hibernate.ejb.HibernatePersistence]; use [org.hibernate.jpa.HibernatePersistenceProvider] instead.
21:50:28,363  INFO LogHelper:31 - HHH000204: Processing PersistenceUnitInfo [
	name: default
	...]
21:50:28,473  INFO Version:37 - HHH000412: Hibernate Core {5.0.7.Final}
21:50:28,476  INFO Environment:213 - HHH000206: hibernate.properties not found
21:50:28,479  INFO Environment:317 - HHH000021: Bytecode provider name : javassist
21:50:28,540  INFO Version:66 - HCANN000001: Hibernate Commons Annotations {5.0.1.Final}
21:50:28,761  INFO AbstractPoolBackedDataSource:462 - Initializing c3p0 pool... com.mchange.v2.c3p0.ComboPooledDataSource [ acquireIncrement -> 3, acquireRetryAttempts -> 30, acquireRetryDelay -> 1000, autoCommitOnClose -> false, automaticTestTable -> null, breakAfterAcquireFailure -> false, checkoutTimeout -> 0, connectionCustomizerClassName -> null, connectionTesterClassName -> com.mchange.v2.c3p0.impl.DefaultConnectionTester, dataSourceName -> 31sqfj9s28c88v1nq01yn|55ac5e8a, debugUnreturnedConnectionStackTraces -> false, description -> null, driverClass -> oracle.jdbc.driver.OracleDriver, factoryClassLocation -> null, forceIgnoreUnresolvedTransactions -> false, identityToken -> 31sqfj9s28c88v1nq01yn|55ac5e8a, idleConnectionTestPeriod -> 0, initialPoolSize -> 3, jdbcUrl -> jdbc:oracle:thin:@localhost:1521:XE, maxAdministrativeTaskTime -> 0, maxConnectionAge -> 0, maxIdleTime -> 0, maxIdleTimeExcessConnections -> 0, maxPoolSize -> 15, maxStatements -> 0, maxStatementsPerConnection -> 0, minPoolSize -> 3, numHelperThreads -> 3, numThreadsAwaitingCheckoutDefaultUser -> 0, preferredTestQuery -> null, properties -> {user=******, password=******}, propertyCycle -> 0, testConnectionOnCheckin -> false, testConnectionOnCheckout -> false, unreturnedConnectionTimeout -> 0, usesTraditionalReflectiveProxies -> false ]
21:50:28,944  INFO Dialect:156 - HHH000400: Using dialect: org.hibernate.dialect.Oracle10gDialect
21:50:29,065  INFO LobCreatorBuilderImpl:124 - HHH000424: Disabling contextual LOB creation as createClob() method threw error : java.lang.reflect.InvocationTargetException
21:50:29,701  INFO SchemaUpdate:105 - HHH000228: Running hbm2ddl schema update
21:50:30,617  INFO QueryTranslatorFactoryInitiator:47 - HHH000397: Using ASTQueryTranslatorFactory
21:50:30,697  WARN HqlSqlWalker:992 - [DEPRECATION] Encountered positional parameter near line 1, column 66 in HQL: [update com.itheima.domain.base.Courier set deltag = 1 where id = ?].  Positional parameter are considered deprecated; use named parameters or JPA-style positional parameters instead.
21:50:30,713  WARN HqlSqlWalker:992 - [DEPRECATION] Encountered positional parameter near line 1, column 66 in HQL: [update com.itheima.domain.base.Courier set deltag ='' where id = ?].  Positional parameter are considered deprecated; use named parameters or JPA-style positional parameters instead.
21:50:30,802  INFO ContextLoader:347 - Root WebApplicationContext: initialization completed in 3593 ms
21:50:31,021  INFO XmlConfigurationProvider:46 - Parsing configuration file [struts-default.xml]
21:50:31,091  INFO XmlConfigurationProvider:46 - Parsing configuration file [struts-plugin.xml]
21:50:31,107  INFO XmlConfigurationProvider:46 - Unable to locate configuration files of the name struts.xml, skipping
21:50:31,107  INFO XmlConfigurationProvider:46 - Parsing configuration file [struts.xml]
21:50:31,110  INFO AbstractBeanSelectionProvider:46 - Choosing bean (spring) for (com.opensymphony.xwork2.ObjectFactory)
21:50:31,110  INFO AbstractBeanSelectionProvider:46 - Choosing bean (struts) for (com.opensymphony.xwork2.factory.ActionFactory)
21:50:31,110  INFO AbstractBeanSelectionProvider:46 - Choosing bean (struts) for (com.opensymphony.xwork2.factory.ResultFactory)
21:50:31,110  INFO AbstractBeanSelectionProvider:46 - Choosing bean (struts) for (com.opensymphony.xwork2.factory.ConverterFactory)
21:50:31,111  INFO AbstractBeanSelectionProvider:46 - Choosing bean (struts) for (com.opensymphony.xwork2.factory.InterceptorFactory)
21:50:31,111  INFO AbstractBeanSelectionProvider:46 - Choosing bean (struts) for (com.opensymphony.xwork2.factory.ValidatorFactory)
21:50:31,111  INFO AbstractBeanSelectionProvider:46 - Choosing bean (struts) for (com.opensymphony.xwork2.factory.UnknownHandlerFactory)
21:50:31,111  INFO AbstractBeanSelectionProvider:46 - Choosing bean (struts) for (com.opensymphony.xwork2.FileManagerFactory)
21:50:31,111  INFO AbstractBeanSelectionProvider:46 - Choosing bean (struts) for (com.opensymphony.xwork2.conversion.impl.XWorkConverter)
21:50:31,111  INFO AbstractBeanSelectionProvider:46 - Choosing bean (struts) for (com.opensymphony.xwork2.conversion.impl.CollectionConverter)
21:50:31,111  INFO AbstractBeanSelectionProvider:46 - Choosing bean (struts) for (com.opensymphony.xwork2.conversion.impl.ArrayConverter)
21:50:31,112  INFO AbstractBeanSelectionProvider:46 - Choosing bean (struts) for (com.opensymphony.xwork2.conversion.impl.DateConverter)
21:50:31,112  INFO AbstractBeanSelectionProvider:46 - Choosing bean (struts) for (com.opensymphony.xwork2.conversion.impl.NumberConverter)
21:50:31,112  INFO AbstractBeanSelectionProvider:46 - Choosing bean (struts) for (com.opensymphony.xwork2.conversion.impl.StringConverter)
21:50:31,112  INFO AbstractBeanSelectionProvider:46 - Choosing bean (struts) for (com.opensymphony.xwork2.conversion.ConversionPropertiesProcessor)
21:50:31,112  INFO AbstractBeanSelectionProvider:46 - Choosing bean (struts) for (com.opensymphony.xwork2.conversion.ConversionFileProcessor)
21:50:31,112  INFO AbstractBeanSelectionProvider:46 - Choosing bean (struts) for (com.opensymphony.xwork2.conversion.ConversionAnnotationProcessor)
21:50:31,113  INFO AbstractBeanSelectionProvider:46 - Choosing bean (struts) for (com.opensymphony.xwork2.conversion.TypeConverterCreator)
21:50:31,113  INFO AbstractBeanSelectionProvider:46 - Choosing bean (struts) for (com.opensymphony.xwork2.conversion.TypeConverterHolder)
21:50:31,113  INFO AbstractBeanSelectionProvider:46 - Choosing bean (struts) for (com.opensymphony.xwork2.TextProvider)
21:50:31,113  INFO AbstractBeanSelectionProvider:46 - Choosing bean (struts) for (com.opensymphony.xwork2.LocaleProvider)
21:50:31,113  INFO AbstractBeanSelectionProvider:46 - Choosing bean (struts) for (com.opensymphony.xwork2.ActionProxyFactory)
21:50:31,113  INFO AbstractBeanSelectionProvider:46 - Choosing bean (struts) for (com.opensymphony.xwork2.conversion.ObjectTypeDeterminer)
21:50:31,114  INFO AbstractBeanSelectionProvider:46 - Choosing bean (struts) for (org.apache.struts2.dispatcher.mapper.ActionMapper)
21:50:31,114  INFO AbstractBeanSelectionProvider:46 - Choosing bean (jakarta) for (org.apache.struts2.dispatcher.multipart.MultiPartRequest)
21:50:31,114  INFO AbstractBeanSelectionProvider:46 - Choosing bean (struts) for (org.apache.struts2.views.freemarker.FreemarkerManager)
21:50:31,115  INFO AbstractBeanSelectionProvider:46 - Choosing bean (struts) for (org.apache.struts2.components.UrlRenderer)
21:50:31,115  INFO AbstractBeanSelectionProvider:46 - Choosing bean (struts) for (com.opensymphony.xwork2.validator.ActionValidatorManager)
21:50:31,116  INFO AbstractBeanSelectionProvider:46 - Choosing bean (struts) for (com.opensymphony.xwork2.util.ValueStackFactory)
21:50:31,116  INFO AbstractBeanSelectionProvider:46 - Choosing bean (struts) for (com.opensymphony.xwork2.util.reflection.ReflectionProvider)
21:50:31,116  INFO AbstractBeanSelectionProvider:46 - Choosing bean (struts) for (com.opensymphony.xwork2.util.reflection.ReflectionContextFactory)
21:50:31,116  INFO AbstractBeanSelectionProvider:46 - Choosing bean (struts) for (com.opensymphony.xwork2.util.PatternMatcher)
21:50:31,116  INFO AbstractBeanSelectionProvider:46 - Choosing bean (struts) for (org.apache.struts2.util.ContentTypeMatcher)
21:50:31,116  INFO AbstractBeanSelectionProvider:46 - Choosing bean (struts) for (org.apache.struts2.dispatcher.StaticContentLoader)
21:50:31,117  INFO AbstractBeanSelectionProvider:46 - Choosing bean (struts) for (com.opensymphony.xwork2.UnknownHandlerManager)
21:50:31,117  INFO AbstractBeanSelectionProvider:46 - Choosing bean (struts) for (org.apache.struts2.views.util.UrlHelper)
21:50:31,117  INFO AbstractBeanSelectionProvider:46 - Choosing bean (struts) for (com.opensymphony.xwork2.util.TextParser)
21:50:31,117  INFO AbstractBeanSelectionProvider:46 - Choosing bean (struts) for (org.apache.struts2.dispatcher.DispatcherErrorHandler)
21:50:31,117  INFO AbstractBeanSelectionProvider:46 - Choosing bean (struts) for (com.opensymphony.xwork2.security.ExcludedPatternsChecker)
21:50:31,117  INFO AbstractBeanSelectionProvider:46 - Choosing bean (struts) for (com.opensymphony.xwork2.security.AcceptedPatternsChecker)
21:50:31,131  INFO StrutsSpringObjectFactory:46 - Initializing Struts-Spring integration...
21:50:31,131  INFO SpringObjectFactory:46 - Setting autowire strategy to name
21:50:31,131  INFO StrutsSpringObjectFactory:46 - ... initialized Struts-Spring integration successfully
14:23:03,087  INFO ContextLoader:307 - Root WebApplicationContext: initialization started
14:23:03,257  INFO XmlWebApplicationContext:578 - Refreshing Root WebApplicationContext: startup date [Thu Nov 30 14:23:03 CST 2017]; root of context hierarchy
14:23:03,337  INFO XmlBeanDefinitionReader:317 - Loading XML bean definitions from class path resource [applicationContext.xml]
14:23:04,054  INFO AutowiredAnnotationBeanPostProcessor:153 - JSR-330 'javax.inject.Inject' annotation found and supported for autowiring
14:23:04,207  INFO MLog:80 - MLog clients using log4j logging.
14:23:04,508  INFO C3P0Registry:204 - Initializing c3p0-0.9.1.2 [built 21-May-2007 15:04:56; debug? true; trace: 10]
14:23:04,670  INFO LocalContainerEntityManagerFactoryBean:339 - Building JPA container EntityManagerFactory for persistence unit 'default'
14:23:04,670  WARN HibernatePersistence:41 - HHH015016: Encountered a deprecated javax.persistence.spi.PersistenceProvider [org.hibernate.ejb.HibernatePersistence]; use [org.hibernate.jpa.HibernatePersistenceProvider] instead.
14:23:04,686  INFO LogHelper:31 - HHH000204: Processing PersistenceUnitInfo [
	name: default
	...]
14:23:04,770  INFO Version:37 - HHH000412: Hibernate Core {5.0.7.Final}
14:23:04,770  INFO Environment:213 - HHH000206: hibernate.properties not found
14:23:04,770  INFO Environment:317 - HHH000021: Bytecode provider name : javassist
14:23:04,955  INFO Version:66 - HCANN000001: Hibernate Commons Annotations {5.0.1.Final}
14:23:05,188  INFO AbstractPoolBackedDataSource:462 - Initializing c3p0 pool... com.mchange.v2.c3p0.ComboPooledDataSource [ acquireIncrement -> 3, acquireRetryAttempts -> 30, acquireRetryDelay -> 1000, autoCommitOnClose -> false, automaticTestTable -> null, breakAfterAcquireFailure -> false, checkoutTimeout -> 0, connectionCustomizerClassName -> null, connectionTesterClassName -> com.mchange.v2.c3p0.impl.DefaultConnectionTester, dataSourceName -> 31sqin9s37sq3yx9gwpw|1929ab02, debugUnreturnedConnectionStackTraces -> false, description -> null, driverClass -> oracle.jdbc.driver.OracleDriver, factoryClassLocation -> null, forceIgnoreUnresolvedTransactions -> false, identityToken -> 31sqin9s37sq3yx9gwpw|1929ab02, idleConnectionTestPeriod -> 0, initialPoolSize -> 3, jdbcUrl -> jdbc:oracle:thin:@localhost:1521:XE, maxAdministrativeTaskTime -> 0, maxConnectionAge -> 0, maxIdleTime -> 0, maxIdleTimeExcessConnections -> 0, maxPoolSize -> 15, maxStatements -> 0, maxStatementsPerConnection -> 0, minPoolSize -> 3, numHelperThreads -> 3, numThreadsAwaitingCheckoutDefaultUser -> 0, preferredTestQuery -> null, properties -> {user=******, password=******}, propertyCycle -> 0, testConnectionOnCheckin -> false, testConnectionOnCheckout -> false, unreturnedConnectionTimeout -> 0, usesTraditionalReflectiveProxies -> false ]
14:23:05,871  INFO Dialect:156 - HHH000400: Using dialect: org.hibernate.dialect.Oracle10gDialect
14:23:06,024  INFO LobCreatorBuilderImpl:124 - HHH000424: Disabling contextual LOB creation as createClob() method threw error : java.lang.reflect.InvocationTargetException
14:23:06,686  INFO SchemaUpdate:105 - HHH000228: Running hbm2ddl schema update
14:23:12,209  INFO QueryTranslatorFactoryInitiator:47 - HHH000397: Using ASTQueryTranslatorFactory
14:23:12,309  WARN HqlSqlWalker:992 - [DEPRECATION] Encountered positional parameter near line 1, column 66 in HQL: [update com.itheima.domain.base.Courier set deltag = 1 where id = ?].  Positional parameter are considered deprecated; use named parameters or JPA-style positional parameters instead.
14:23:12,324  WARN HqlSqlWalker:992 - [DEPRECATION] Encountered positional parameter near line 1, column 66 in HQL: [update com.itheima.domain.base.Courier set deltag ='' where id = ?].  Positional parameter are considered deprecated; use named parameters or JPA-style positional parameters instead.
14:23:12,471  INFO ContextLoader:347 - Root WebApplicationContext: initialization completed in 9365 ms
14:23:12,793  INFO XmlConfigurationProvider:46 - Parsing configuration file [struts-default.xml]
14:23:12,856  INFO XmlConfigurationProvider:46 - Parsing configuration file [struts-plugin.xml]
14:23:12,872  INFO XmlConfigurationProvider:46 - Unable to locate configuration files of the name struts.xml, skipping
14:23:12,872  INFO XmlConfigurationProvider:46 - Parsing configuration file [struts.xml]
14:23:12,872  INFO AbstractBeanSelectionProvider:46 - Choosing bean (spring) for (com.opensymphony.xwork2.ObjectFactory)
14:23:12,872  INFO AbstractBeanSelectionProvider:46 - Choosing bean (struts) for (com.opensymphony.xwork2.factory.ActionFactory)
14:23:12,872  INFO AbstractBeanSelectionProvider:46 - Choosing bean (struts) for (com.opensymphony.xwork2.factory.ResultFactory)
14:23:12,872  INFO AbstractBeanSelectionProvider:46 - Choosing bean (struts) for (com.opensymphony.xwork2.factory.ConverterFactory)
14:23:12,872  INFO AbstractBeanSelectionProvider:46 - Choosing bean (struts) for (com.opensymphony.xwork2.factory.InterceptorFactory)
14:23:12,872  INFO AbstractBeanSelectionProvider:46 - Choosing bean (struts) for (com.opensymphony.xwork2.factory.ValidatorFactory)
14:23:12,872  INFO AbstractBeanSelectionProvider:46 - Choosing bean (struts) for (com.opensymphony.xwork2.factory.UnknownHandlerFactory)
14:23:12,872  INFO AbstractBeanSelectionProvider:46 - Choosing bean (struts) for (com.opensymphony.xwork2.FileManagerFactory)
14:23:12,887  INFO AbstractBeanSelectionProvider:46 - Choosing bean (struts) for (com.opensymphony.xwork2.conversion.impl.XWorkConverter)
14:23:12,888  INFO AbstractBeanSelectionProvider:46 - Choosing bean (struts) for (com.opensymphony.xwork2.conversion.impl.CollectionConverter)
14:23:12,888  INFO AbstractBeanSelectionProvider:46 - Choosing bean (struts) for (com.opensymphony.xwork2.conversion.impl.ArrayConverter)
14:23:12,888  INFO AbstractBeanSelectionProvider:46 - Choosing bean (struts) for (com.opensymphony.xwork2.conversion.impl.DateConverter)
14:23:12,889  INFO AbstractBeanSelectionProvider:46 - Choosing bean (struts) for (com.opensymphony.xwork2.conversion.impl.NumberConverter)
14:23:12,889  INFO AbstractBeanSelectionProvider:46 - Choosing bean (struts) for (com.opensymphony.xwork2.conversion.impl.StringConverter)
14:23:12,889  INFO AbstractBeanSelectionProvider:46 - Choosing bean (struts) for (com.opensymphony.xwork2.conversion.ConversionPropertiesProcessor)
14:23:12,889  INFO AbstractBeanSelectionProvider:46 - Choosing bean (struts) for (com.opensymphony.xwork2.conversion.ConversionFileProcessor)
14:23:12,890  INFO AbstractBeanSelectionProvider:46 - Choosing bean (struts) for (com.opensymphony.xwork2.conversion.ConversionAnnotationProcessor)
14:23:12,890  INFO AbstractBeanSelectionProvider:46 - Choosing bean (struts) for (com.opensymphony.xwork2.conversion.TypeConverterCreator)
14:23:12,890  INFO AbstractBeanSelectionProvider:46 - Choosing bean (struts) for (com.opensymphony.xwork2.conversion.TypeConverterHolder)
14:23:12,890  INFO AbstractBeanSelectionProvider:46 - Choosing bean (struts) for (com.opensymphony.xwork2.TextProvider)
14:23:12,891  INFO AbstractBeanSelectionProvider:46 - Choosing bean (struts) for (com.opensymphony.xwork2.LocaleProvider)
14:23:12,891  INFO AbstractBeanSelectionProvider:46 - Choosing bean (struts) for (com.opensymphony.xwork2.ActionProxyFactory)
14:23:12,891  INFO AbstractBeanSelectionProvider:46 - Choosing bean (struts) for (com.opensymphony.xwork2.conversion.ObjectTypeDeterminer)
14:23:12,892  INFO AbstractBeanSelectionProvider:46 - Choosing bean (struts) for (org.apache.struts2.dispatcher.mapper.ActionMapper)
14:23:12,892  INFO AbstractBeanSelectionProvider:46 - Choosing bean (jakarta) for (org.apache.struts2.dispatcher.multipart.MultiPartRequest)
14:23:12,892  INFO AbstractBeanSelectionProvider:46 - Choosing bean (struts) for (org.apache.struts2.views.freemarker.FreemarkerManager)
14:23:12,894  INFO AbstractBeanSelectionProvider:46 - Choosing bean (struts) for (org.apache.struts2.components.UrlRenderer)
14:23:12,894  INFO AbstractBeanSelectionProvider:46 - Choosing bean (struts) for (com.opensymphony.xwork2.validator.ActionValidatorManager)
14:23:12,894  INFO AbstractBeanSelectionProvider:46 - Choosing bean (struts) for (com.opensymphony.xwork2.util.ValueStackFactory)
14:23:12,894  INFO AbstractBeanSelectionProvider:46 - Choosing bean (struts) for (com.opensymphony.xwork2.util.reflection.ReflectionProvider)
14:23:12,894  INFO AbstractBeanSelectionProvider:46 - Choosing bean (struts) for (com.opensymphony.xwork2.util.reflection.ReflectionContextFactory)
14:23:12,894  INFO AbstractBeanSelectionProvider:46 - Choosing bean (struts) for (com.opensymphony.xwork2.util.PatternMatcher)
14:23:12,894  INFO AbstractBeanSelectionProvider:46 - Choosing bean (struts) for (org.apache.struts2.util.ContentTypeMatcher)
14:23:12,894  INFO AbstractBeanSelectionProvider:46 - Choosing bean (struts) for (org.apache.struts2.dispatcher.StaticContentLoader)
14:23:12,894  INFO AbstractBeanSelectionProvider:46 - Choosing bean (struts) for (com.opensymphony.xwork2.UnknownHandlerManager)
14:23:12,894  INFO AbstractBeanSelectionProvider:46 - Choosing bean (struts) for (org.apache.struts2.views.util.UrlHelper)
14:23:12,894  INFO AbstractBeanSelectionProvider:46 - Choosing bean (struts) for (com.opensymphony.xwork2.util.TextParser)
14:23:12,894  INFO AbstractBeanSelectionProvider:46 - Choosing bean (struts) for (org.apache.struts2.dispatcher.DispatcherErrorHandler)
14:23:12,894  INFO AbstractBeanSelectionProvider:46 - Choosing bean (struts) for (com.opensymphony.xwork2.security.ExcludedPatternsChecker)
14:23:12,910  INFO AbstractBeanSelectionProvider:46 - Choosing bean (struts) for (com.opensymphony.xwork2.security.AcceptedPatternsChecker)
14:23:12,910  INFO StrutsSpringObjectFactory:46 - Initializing Struts-Spring integration...
14:23:12,910  INFO SpringObjectFactory:46 - Setting autowire strategy to name
14:23:12,910  INFO StrutsSpringObjectFactory:46 - ... initialized Struts-Spring integration successfully
21:30:53,406  INFO ContextLoader:307 - Root WebApplicationContext: initialization started
21:30:53,498  INFO XmlWebApplicationContext:578 - Refreshing Root WebApplicationContext: startup date [Thu Nov 30 21:30:53 CST 2017]; root of context hierarchy
21:30:53,537  INFO XmlBeanDefinitionReader:317 - Loading XML bean definitions from class path resource [applicationContext.xml]
21:30:54,060  INFO AutowiredAnnotationBeanPostProcessor:153 - JSR-330 'javax.inject.Inject' annotation found and supported for autowiring
21:30:54,175  INFO MLog:80 - MLog clients using log4j logging.
21:30:54,432  INFO C3P0Registry:204 - Initializing c3p0-0.9.1.2 [built 21-May-2007 15:04:56; debug? true; trace: 10]
21:30:54,633  INFO LocalContainerEntityManagerFactoryBean:339 - Building JPA container EntityManagerFactory for persistence unit 'default'
21:30:54,634  WARN HibernatePersistence:41 - HHH015016: Encountered a deprecated javax.persistence.spi.PersistenceProvider [org.hibernate.ejb.HibernatePersistence]; use [org.hibernate.jpa.HibernatePersistenceProvider] instead.
21:30:54,644  INFO LogHelper:31 - HHH000204: Processing PersistenceUnitInfo [
	name: default
	...]
21:30:54,753  INFO Version:37 - HHH000412: Hibernate Core {5.0.7.Final}
21:30:54,756  INFO Environment:213 - HHH000206: hibernate.properties not found
21:30:54,758  INFO Environment:317 - HHH000021: Bytecode provider name : javassist
21:30:54,818  INFO Version:66 - HCANN000001: Hibernate Commons Annotations {5.0.1.Final}
21:30:55,020  INFO AbstractPoolBackedDataSource:462 - Initializing c3p0 pool... com.mchange.v2.c3p0.ComboPooledDataSource [ acquireIncrement -> 3, acquireRetryAttempts -> 30, acquireRetryDelay -> 1000, autoCommitOnClose -> false, automaticTestTable -> null, breakAfterAcquireFailure -> false, checkoutTimeout -> 0, connectionCustomizerClassName -> null, connectionTesterClassName -> com.mchange.v2.c3p0.impl.DefaultConnectionTester, dataSourceName -> 31sqin9s3n2x6w1e6pqqx|2c43a738, debugUnreturnedConnectionStackTraces -> false, description -> null, driverClass -> oracle.jdbc.driver.OracleDriver, factoryClassLocation -> null, forceIgnoreUnresolvedTransactions -> false, identityToken -> 31sqin9s3n2x6w1e6pqqx|2c43a738, idleConnectionTestPeriod -> 0, initialPoolSize -> 3, jdbcUrl -> jdbc:oracle:thin:@localhost:1521:XE, maxAdministrativeTaskTime -> 0, maxConnectionAge -> 0, maxIdleTime -> 0, maxIdleTimeExcessConnections -> 0, maxPoolSize -> 15, maxStatements -> 0, maxStatementsPerConnection -> 0, minPoolSize -> 3, numHelperThreads -> 3, numThreadsAwaitingCheckoutDefaultUser -> 0, preferredTestQuery -> null, properties -> {user=******, password=******}, propertyCycle -> 0, testConnectionOnCheckin -> false, testConnectionOnCheckout -> false, unreturnedConnectionTimeout -> 0, usesTraditionalReflectiveProxies -> false ]
21:30:55,325  INFO Dialect:156 - HHH000400: Using dialect: org.hibernate.dialect.Oracle10gDialect
21:30:55,444  INFO LobCreatorBuilderImpl:124 - HHH000424: Disabling contextual LOB creation as createClob() method threw error : java.lang.reflect.InvocationTargetException
21:30:56,124  INFO SchemaUpdate:105 - HHH000228: Running hbm2ddl schema update
21:30:57,034  INFO QueryTranslatorFactoryInitiator:47 - HHH000397: Using ASTQueryTranslatorFactory
21:30:57,116  WARN HqlSqlWalker:992 - [DEPRECATION] Encountered positional parameter near line 1, column 66 in HQL: [update com.itheima.domain.base.Courier set deltag = 1 where id = ?].  Positional parameter are considered deprecated; use named parameters or JPA-style positional parameters instead.
21:30:57,134  WARN HqlSqlWalker:992 - [DEPRECATION] Encountered positional parameter near line 1, column 66 in HQL: [update com.itheima.domain.base.Courier set deltag ='' where id = ?].  Positional parameter are considered deprecated; use named parameters or JPA-style positional parameters instead.
21:30:57,249  INFO ContextLoader:347 - Root WebApplicationContext: initialization completed in 3841 ms
21:30:57,497  INFO XmlConfigurationProvider:46 - Parsing configuration file [struts-default.xml]
21:30:57,579  INFO XmlConfigurationProvider:46 - Parsing configuration file [struts-plugin.xml]
21:30:57,597  INFO XmlConfigurationProvider:46 - Unable to locate configuration files of the name struts.xml, skipping
21:30:57,597  INFO XmlConfigurationProvider:46 - Parsing configuration file [struts.xml]
21:30:57,600  INFO AbstractBeanSelectionProvider:46 - Choosing bean (spring) for (com.opensymphony.xwork2.ObjectFactory)
21:30:57,600  INFO AbstractBeanSelectionProvider:46 - Choosing bean (struts) for (com.opensymphony.xwork2.factory.ActionFactory)
21:30:57,600  INFO AbstractBeanSelectionProvider:46 - Choosing bean (struts) for (com.opensymphony.xwork2.factory.ResultFactory)
21:30:57,601  INFO AbstractBeanSelectionProvider:46 - Choosing bean (struts) for (com.opensymphony.xwork2.factory.ConverterFactory)
21:30:57,601  INFO AbstractBeanSelectionProvider:46 - Choosing bean (struts) for (com.opensymphony.xwork2.factory.InterceptorFactory)
21:30:57,601  INFO AbstractBeanSelectionProvider:46 - Choosing bean (struts) for (com.opensymphony.xwork2.factory.ValidatorFactory)
21:30:57,601  INFO AbstractBeanSelectionProvider:46 - Choosing bean (struts) for (com.opensymphony.xwork2.factory.UnknownHandlerFactory)
21:30:57,601  INFO AbstractBeanSelectionProvider:46 - Choosing bean (struts) for (com.opensymphony.xwork2.FileManagerFactory)
21:30:57,601  INFO AbstractBeanSelectionProvider:46 - Choosing bean (struts) for (com.opensymphony.xwork2.conversion.impl.XWorkConverter)
21:30:57,602  INFO AbstractBeanSelectionProvider:46 - Choosing bean (struts) for (com.opensymphony.xwork2.conversion.impl.CollectionConverter)
21:30:57,602  INFO AbstractBeanSelectionProvider:46 - Choosing bean (struts) for (com.opensymphony.xwork2.conversion.impl.ArrayConverter)
21:30:57,602  INFO AbstractBeanSelectionProvider:46 - Choosing bean (struts) for (com.opensymphony.xwork2.conversion.impl.DateConverter)
21:30:57,602  INFO AbstractBeanSelectionProvider:46 - Choosing bean (struts) for (com.opensymphony.xwork2.conversion.impl.NumberConverter)
21:30:57,602  INFO AbstractBeanSelectionProvider:46 - Choosing bean (struts) for (com.opensymphony.xwork2.conversion.impl.StringConverter)
21:30:57,602  INFO AbstractBeanSelectionProvider:46 - Choosing bean (struts) for (com.opensymphony.xwork2.conversion.ConversionPropertiesProcessor)
21:30:57,603  INFO AbstractBeanSelectionProvider:46 - Choosing bean (struts) for (com.opensymphony.xwork2.conversion.ConversionFileProcessor)
21:30:57,603  INFO AbstractBeanSelectionProvider:46 - Choosing bean (struts) for (com.opensymphony.xwork2.conversion.ConversionAnnotationProcessor)
21:30:57,603  INFO AbstractBeanSelectionProvider:46 - Choosing bean (struts) for (com.opensymphony.xwork2.conversion.TypeConverterCreator)
21:30:57,603  INFO AbstractBeanSelectionProvider:46 - Choosing bean (struts) for (com.opensymphony.xwork2.conversion.TypeConverterHolder)
21:30:57,603  INFO AbstractBeanSelectionProvider:46 - Choosing bean (struts) for (com.opensymphony.xwork2.TextProvider)
21:30:57,604  INFO AbstractBeanSelectionProvider:46 - Choosing bean (struts) for (com.opensymphony.xwork2.LocaleProvider)
21:30:57,604  INFO AbstractBeanSelectionProvider:46 - Choosing bean (struts) for (com.opensymphony.xwork2.ActionProxyFactory)
21:30:57,604  INFO AbstractBeanSelectionProvider:46 - Choosing bean (struts) for (com.opensymphony.xwork2.conversion.ObjectTypeDeterminer)
21:30:57,604  INFO AbstractBeanSelectionProvider:46 - Choosing bean (struts) for (org.apache.struts2.dispatcher.mapper.ActionMapper)
21:30:57,604  INFO AbstractBeanSelectionProvider:46 - Choosing bean (jakarta) for (org.apache.struts2.dispatcher.multipart.MultiPartRequest)
21:30:57,605  INFO AbstractBeanSelectionProvider:46 - Choosing bean (struts) for (org.apache.struts2.views.freemarker.FreemarkerManager)
21:30:57,606  INFO AbstractBeanSelectionProvider:46 - Choosing bean (struts) for (org.apache.struts2.components.UrlRenderer)
21:30:57,606  INFO AbstractBeanSelectionProvider:46 - Choosing bean (struts) for (com.opensymphony.xwork2.validator.ActionValidatorManager)
21:30:57,606  INFO AbstractBeanSelectionProvider:46 - Choosing bean (struts) for (com.opensymphony.xwork2.util.ValueStackFactory)
21:30:57,607  INFO AbstractBeanSelectionProvider:46 - Choosing bean (struts) for (com.opensymphony.xwork2.util.reflection.ReflectionProvider)
21:30:57,607  INFO AbstractBeanSelectionProvider:46 - Choosing bean (struts) for (com.opensymphony.xwork2.util.reflection.ReflectionContextFactory)
21:30:57,607  INFO AbstractBeanSelectionProvider:46 - Choosing bean (struts) for (com.opensymphony.xwork2.util.PatternMatcher)
21:30:57,607  INFO AbstractBeanSelectionProvider:46 - Choosing bean (struts) for (org.apache.struts2.util.ContentTypeMatcher)
21:30:57,607  INFO AbstractBeanSelectionProvider:46 - Choosing bean (struts) for (org.apache.struts2.dispatcher.StaticContentLoader)
21:30:57,607  INFO AbstractBeanSelectionProvider:46 - Choosing bean (struts) for (com.opensymphony.xwork2.UnknownHandlerManager)
21:30:57,608  INFO AbstractBeanSelectionProvider:46 - Choosing bean (struts) for (org.apache.struts2.views.util.UrlHelper)
21:30:57,608  INFO AbstractBeanSelectionProvider:46 - Choosing bean (struts) for (com.opensymphony.xwork2.util.TextParser)
21:30:57,608  INFO AbstractBeanSelectionProvider:46 - Choosing bean (struts) for (org.apache.struts2.dispatcher.DispatcherErrorHandler)
21:30:57,608  INFO AbstractBeanSelectionProvider:46 - Choosing bean (struts) for (com.opensymphony.xwork2.security.ExcludedPatternsChecker)
21:30:57,608  INFO AbstractBeanSelectionProvider:46 - Choosing bean (struts) for (com.opensymphony.xwork2.security.AcceptedPatternsChecker)
21:30:57,621  INFO StrutsSpringObjectFactory:46 - Initializing Struts-Spring integration...
21:30:57,622  INFO SpringObjectFactory:46 - Setting autowire strategy to name
21:30:57,622  INFO StrutsSpringObjectFactory:46 - ... initialized Struts-Spring integration successfully
10:29:11,474  INFO ContextLoader:307 - Root WebApplicationContext: initialization started
10:29:11,581  INFO XmlWebApplicationContext:578 - Refreshing Root WebApplicationContext: startup date [Fri Dec 01 10:29:11 CST 2017]; root of context hierarchy
10:29:11,619  INFO XmlBeanDefinitionReader:317 - Loading XML bean definitions from class path resource [applicationContext.xml]
10:29:12,222  INFO AutowiredAnnotationBeanPostProcessor:153 - JSR-330 'javax.inject.Inject' annotation found and supported for autowiring
10:29:12,335  INFO MLog:80 - MLog clients using log4j logging.
10:29:12,597  INFO C3P0Registry:204 - Initializing c3p0-0.9.1.2 [built 21-May-2007 15:04:56; debug? true; trace: 10]
10:29:12,769  INFO LocalContainerEntityManagerFactoryBean:339 - Building JPA container EntityManagerFactory for persistence unit 'default'
10:29:12,769  WARN HibernatePersistence:41 - HHH015016: Encountered a deprecated javax.persistence.spi.PersistenceProvider [org.hibernate.ejb.HibernatePersistence]; use [org.hibernate.jpa.HibernatePersistenceProvider] instead.
10:29:12,780  INFO LogHelper:31 - HHH000204: Processing PersistenceUnitInfo [
	name: default
	...]
10:29:12,924  INFO Version:37 - HHH000412: Hibernate Core {5.0.7.Final}
10:29:12,928  INFO Environment:213 - HHH000206: hibernate.properties not found
10:29:12,930  INFO Environment:317 - HHH000021: Bytecode provider name : javassist
10:29:12,994  INFO Version:66 - HCANN000001: Hibernate Commons Annotations {5.0.1.Final}
10:29:13,287  INFO AbstractPoolBackedDataSource:462 - Initializing c3p0 pool... com.mchange.v2.c3p0.ComboPooledDataSource [ acquireIncrement -> 3, acquireRetryAttempts -> 30, acquireRetryDelay -> 1000, autoCommitOnClose -> false, automaticTestTable -> null, breakAfterAcquireFailure -> false, checkoutTimeout -> 0, connectionCustomizerClassName -> null, connectionTesterClassName -> com.mchange.v2.c3p0.impl.DefaultConnectionTester, dataSourceName -> 31sqxk9s4evtpvmzpfbs|6507457b, debugUnreturnedConnectionStackTraces -> false, description -> null, driverClass -> oracle.jdbc.driver.OracleDriver, factoryClassLocation -> null, forceIgnoreUnresolvedTransactions -> false, identityToken -> 31sqxk9s4evtpvmzpfbs|6507457b, idleConnectionTestPeriod -> 0, initialPoolSize -> 3, jdbcUrl -> jdbc:oracle:thin:@localhost:1521:XE, maxAdministrativeTaskTime -> 0, maxConnectionAge -> 0, maxIdleTime -> 0, maxIdleTimeExcessConnections -> 0, maxPoolSize -> 15, maxStatements -> 0, maxStatementsPerConnection -> 0, minPoolSize -> 3, numHelperThreads -> 3, numThreadsAwaitingCheckoutDefaultUser -> 0, preferredTestQuery -> null, properties -> {user=******, password=******}, propertyCycle -> 0, testConnectionOnCheckin -> false, testConnectionOnCheckout -> false, unreturnedConnectionTimeout -> 0, usesTraditionalReflectiveProxies -> false ]
10:29:13,512  INFO Dialect:156 - HHH000400: Using dialect: org.hibernate.dialect.Oracle10gDialect
10:29:13,643  INFO LobCreatorBuilderImpl:124 - HHH000424: Disabling contextual LOB creation as createClob() method threw error : java.lang.reflect.InvocationTargetException
10:29:14,334  INFO SchemaUpdate:105 - HHH000228: Running hbm2ddl schema update
10:29:15,295  INFO QueryTranslatorFactoryInitiator:47 - HHH000397: Using ASTQueryTranslatorFactory
10:29:15,382  WARN HqlSqlWalker:992 - [DEPRECATION] Encountered positional parameter near line 1, column 66 in HQL: [update com.itheima.domain.base.Courier set deltag = 1 where id = ?].  Positional parameter are considered deprecated; use named parameters or JPA-style positional parameters instead.
10:29:15,402  WARN HqlSqlWalker:992 - [DEPRECATION] Encountered positional parameter near line 1, column 66 in HQL: [update com.itheima.domain.base.Courier set deltag ='' where id = ?].  Positional parameter are considered deprecated; use named parameters or JPA-style positional parameters instead.
10:29:15,500  INFO ContextLoader:347 - Root WebApplicationContext: initialization completed in 4010 ms
10:29:15,769  INFO XmlConfigurationProvider:46 - Parsing configuration file [struts-default.xml]
10:29:15,850  INFO XmlConfigurationProvider:46 - Parsing configuration file [struts-plugin.xml]
10:29:15,869  INFO XmlConfigurationProvider:46 - Unable to locate configuration files of the name struts.xml, skipping
10:29:15,869  INFO XmlConfigurationProvider:46 - Parsing configuration file [struts.xml]
10:29:15,872  INFO AbstractBeanSelectionProvider:46 - Choosing bean (spring) for (com.opensymphony.xwork2.ObjectFactory)
10:29:15,872  INFO AbstractBeanSelectionProvider:46 - Choosing bean (struts) for (com.opensymphony.xwork2.factory.ActionFactory)
10:29:15,873  INFO AbstractBeanSelectionProvider:46 - Choosing bean (struts) for (com.opensymphony.xwork2.factory.ResultFactory)
10:29:15,873  INFO AbstractBeanSelectionProvider:46 - Choosing bean (struts) for (com.opensymphony.xwork2.factory.ConverterFactory)
10:29:15,873  INFO AbstractBeanSelectionProvider:46 - Choosing bean (struts) for (com.opensymphony.xwork2.factory.InterceptorFactory)
10:29:15,873  INFO AbstractBeanSelectionProvider:46 - Choosing bean (struts) for (com.opensymphony.xwork2.factory.ValidatorFactory)
10:29:15,873  INFO AbstractBeanSelectionProvider:46 - Choosing bean (struts) for (com.opensymphony.xwork2.factory.UnknownHandlerFactory)
10:29:15,874  INFO AbstractBeanSelectionProvider:46 - Choosing bean (struts) for (com.opensymphony.xwork2.FileManagerFactory)
10:29:15,874  INFO AbstractBeanSelectionProvider:46 - Choosing bean (struts) for (com.opensymphony.xwork2.conversion.impl.XWorkConverter)
10:29:15,874  INFO AbstractBeanSelectionProvider:46 - Choosing bean (struts) for (com.opensymphony.xwork2.conversion.impl.CollectionConverter)
10:29:15,874  INFO AbstractBeanSelectionProvider:46 - Choosing bean (struts) for (com.opensymphony.xwork2.conversion.impl.ArrayConverter)
10:29:15,874  INFO AbstractBeanSelectionProvider:46 - Choosing bean (struts) for (com.opensymphony.xwork2.conversion.impl.DateConverter)
10:29:15,875  INFO AbstractBeanSelectionProvider:46 - Choosing bean (struts) for (com.opensymphony.xwork2.conversion.impl.NumberConverter)
10:29:15,875  INFO AbstractBeanSelectionProvider:46 - Choosing bean (struts) for (com.opensymphony.xwork2.conversion.impl.StringConverter)
10:29:15,875  INFO AbstractBeanSelectionProvider:46 - Choosing bean (struts) for (com.opensymphony.xwork2.conversion.ConversionPropertiesProcessor)
10:29:15,875  INFO AbstractBeanSelectionProvider:46 - Choosing bean (struts) for (com.opensymphony.xwork2.conversion.ConversionFileProcessor)
10:29:15,875  INFO AbstractBeanSelectionProvider:46 - Choosing bean (struts) for (com.opensymphony.xwork2.conversion.ConversionAnnotationProcessor)
10:29:15,876  INFO AbstractBeanSelectionProvider:46 - Choosing bean (struts) for (com.opensymphony.xwork2.conversion.TypeConverterCreator)
10:29:15,876  INFO AbstractBeanSelectionProvider:46 - Choosing bean (struts) for (com.opensymphony.xwork2.conversion.TypeConverterHolder)
10:29:15,876  INFO AbstractBeanSelectionProvider:46 - Choosing bean (struts) for (com.opensymphony.xwork2.TextProvider)
10:29:15,876  INFO AbstractBeanSelectionProvider:46 - Choosing bean (struts) for (com.opensymphony.xwork2.LocaleProvider)
10:29:15,876  INFO AbstractBeanSelectionProvider:46 - Choosing bean (struts) for (com.opensymphony.xwork2.ActionProxyFactory)
10:29:15,877  INFO AbstractBeanSelectionProvider:46 - Choosing bean (struts) for (com.opensymphony.xwork2.conversion.ObjectTypeDeterminer)
10:29:15,877  INFO AbstractBeanSelectionProvider:46 - Choosing bean (struts) for (org.apache.struts2.dispatcher.mapper.ActionMapper)
10:29:15,877  INFO AbstractBeanSelectionProvider:46 - Choosing bean (jakarta) for (org.apache.struts2.dispatcher.multipart.MultiPartRequest)
10:29:15,877  INFO AbstractBeanSelectionProvider:46 - Choosing bean (struts) for (org.apache.struts2.views.freemarker.FreemarkerManager)
10:29:15,879  INFO AbstractBeanSelectionProvider:46 - Choosing bean (struts) for (org.apache.struts2.components.UrlRenderer)
10:29:15,879  INFO AbstractBeanSelectionProvider:46 - Choosing bean (struts) for (com.opensymphony.xwork2.validator.ActionValidatorManager)
10:29:15,879  INFO AbstractBeanSelectionProvider:46 - Choosing bean (struts) for (com.opensymphony.xwork2.util.ValueStackFactory)
10:29:15,879  INFO AbstractBeanSelectionProvider:46 - Choosing bean (struts) for (com.opensymphony.xwork2.util.reflection.ReflectionProvider)
10:29:15,880  INFO AbstractBeanSelectionProvider:46 - Choosing bean (struts) for (com.opensymphony.xwork2.util.reflection.ReflectionContextFactory)
10:29:15,880  INFO AbstractBeanSelectionProvider:46 - Choosing bean (struts) for (com.opensymphony.xwork2.util.PatternMatcher)
10:29:15,880  INFO AbstractBeanSelectionProvider:46 - Choosing bean (struts) for (org.apache.struts2.util.ContentTypeMatcher)
10:29:15,880  INFO AbstractBeanSelectionProvider:46 - Choosing bean (struts) for (org.apache.struts2.dispatcher.StaticContentLoader)
10:29:15,880  INFO AbstractBeanSelectionProvider:46 - Choosing bean (struts) for (com.opensymphony.xwork2.UnknownHandlerManager)
10:29:15,881  INFO AbstractBeanSelectionProvider:46 - Choosing bean (struts) for (org.apache.struts2.views.util.UrlHelper)
10:29:15,881  INFO AbstractBeanSelectionProvider:46 - Choosing bean (struts) for (com.opensymphony.xwork2.util.TextParser)
10:29:15,881  INFO AbstractBeanSelectionProvider:46 - Choosing bean (struts) for (org.apache.struts2.dispatcher.DispatcherErrorHandler)
10:29:15,881  INFO AbstractBeanSelectionProvider:46 - Choosing bean (struts) for (com.opensymphony.xwork2.security.ExcludedPatternsChecker)
10:29:15,881  INFO AbstractBeanSelectionProvider:46 - Choosing bean (struts) for (com.opensymphony.xwork2.security.AcceptedPatternsChecker)
10:29:15,895  INFO StrutsSpringObjectFactory:46 - Initializing Struts-Spring integration...
10:29:15,895  INFO SpringObjectFactory:46 - Setting autowire strategy to name
10:29:15,895  INFO StrutsSpringObjectFactory:46 - ... initialized Struts-Spring integration successfully
